<?xml version="1.0" encoding="UTF-8"?>
<testsuite xmlns:xsi="http://www.w3.org/2001/XMLSchema-instance" xsi:noNamespaceSchemaLocation="https://maven.apache.org/surefire/maven-surefire-plugin/xsd/surefire-test-report.xsd" version="3.0.1" name="petstore.PetstoreTest" time="4.518" tests="1" errors="0" skipped="0" failures="0">
  <properties>
[...]
</properties>
  <testcase name="testParallel" classname="petstore.PetstoreTest" time="4.499">
    <system-out><![CDATA[13:00:01.449 [main] DEBUG com.intuit.karate.Suite - [config] classpath:karate-config.js
13:00:01.458 [main] DEBUG com.intuit.karate.Suite - waiting for 2 features to complete
13:00:03.045 [pool-2-thread-2] INFO  com.intuit.karate - karate.env system property was: null 
13:00:03.056 [pool-2-thread-2] INFO  com.intuit.karate - >> lock acquired, begin callSingle: classpath:helpers/Login.feature
13:00:03.310 [pool-2-thread-2] DEBUG com.intuit.karate - request:
1 > GET https://petstore.swagger.io/v2/user/login?password=h%253Dy9hOEV&username=aldo.volkman
1 > Host: petstore.swagger.io
1 > Connection: Keep-Alive
1 > User-Agent: Apache-HttpClient/4.5.14 (Java/17.0.1)
1 > Accept-Encoding: gzip,deflate


13:00:03.729 [pool-2-thread-2] DEBUG com.intuit.karate - response time in milliseconds: 411
1 < 200
1 < Date: Sun, 10 Nov 2024 18:00:03 GMT
1 < Content-Type: application/json
1 < Transfer-Encoding: chunked
1 < Connection: keep-alive
1 < Access-Control-Allow-Origin: *
1 < Access-Control-Allow-Methods: GET, POST, DELETE, PUT
1 < Access-Control-Allow-Headers: Content-Type, api_key, Authorization
1 < X-Expires-After: Sun Nov 10 19:00:03 UTC 2024
1 < X-Rate-Limit: 5000
1 < Server: Jetty(9.2.9.v20150224)
{"code":200,"type":"unknown","message":"logged in user session:1731261603697"}

13:00:03.816 [pool-2-thread-2] INFO  com.intuit.karate - [print] session id: 1731261603697 
13:00:03.817 [pool-2-thread-2] INFO  com.intuit.karate - << lock released, cached callSingle: classpath:helpers/Login.feature
13:00:03.820 [pool-2-thread-1] INFO  com.intuit.karate - karate.env system property was: null 
13:00:03.821 [pool-2-thread-2] DEBUG com.intuit.karate - request:
1 > GET https://petstore.swagger.io/v2/store/inventory
1 > Host: petstore.swagger.io
1 > Connection: Keep-Alive
1 > User-Agent: Apache-HttpClient/4.5.14 (Java/17.0.1)
1 > Accept-Encoding: gzip,deflate


13:00:03.929 [pool-2-thread-2] DEBUG com.intuit.karate - response time in milliseconds: 108
1 < 200
1 < Date: Sun, 10 Nov 2024 18:00:03 GMT
1 < Content-Type: application/json
1 < Transfer-Encoding: chunked
1 < Connection: keep-alive
1 < Access-Control-Allow-Origin: *
1 < Access-Control-Allow-Methods: GET, POST, DELETE, PUT
1 < Access-Control-Allow-Headers: Content-Type, api_key, Authorization
1 < Server: Jetty(9.2.9.v20150224)
{"sold":37,"placed":1,"5000":1,"string":512,"availabe":1,"pending":33,"father":1,"available":33,"Error":30,"awailable":1,"3000":1,"soldout":1,"solt":2,"SOLD":1,"Sold":10,"availablee":1,"Is abstract":2,"null":1,"Out Of Stock":10,"not available":1,"xyz":3,"Available":11,"Pending":1}

13:00:04.039 [pool-2-thread-1] DEBUG com.intuit.karate - request:
1 > POST https://petstore.swagger.io/v2/user
1 > Content-Type: application/json; charset=UTF-8
1 > Content-Length: 178
1 > Host: petstore.swagger.io
1 > Connection: Keep-Alive
1 > User-Agent: Apache-HttpClient/4.5.14 (Java/17.0.1)
1 > Accept-Encoding: gzip,deflate
{"firstName":"Monica","lastName":"Schmidt","password":"xK$AXd)Y","userStatus":0,"phone":"828.753.2522","id":5396,"email":"sterling.gerhold@hotmail.com","username":"echo.ruecker"}

13:00:04.136 [pool-2-thread-1] DEBUG com.intuit.karate - response time in milliseconds: 96
1 < 200
1 < Date: Sun, 10 Nov 2024 18:00:04 GMT
1 < Content-Type: application/json
1 < Transfer-Encoding: chunked
1 < Connection: keep-alive
1 < Access-Control-Allow-Origin: *
1 < Access-Control-Allow-Methods: GET, POST, DELETE, PUT
1 < Access-Control-Allow-Headers: Content-Type, api_key, Authorization
1 < Server: Jetty(9.2.9.v20150224)
{"code":200,"type":"unknown","message":"5396"}

---------------------------------------------------------
feature: classpath:petstore/features/AddUser.feature
scenarios:  1 | passed:  1 | failed:  0 | time: 0.3543
---------------------------------------------------------

13:00:04.742 [pool-3-thread-1] INFO  com.intuit.karate.Suite - <<pass>> feature 1 of 2 (1 remaining) classpath:petstore/features/AddUser.feature
---------------------------------------------------------
feature: classpath:petstore/features/Inventory.feature
scenarios:  1 | passed:  1 | failed:  0 | time: 0.1199
---------------------------------------------------------

13:00:04.896 [pool-3-thread-1] INFO  com.intuit.karate.Suite - <<pass>> feature 2 of 2 (0 remaining) classpath:petstore/features/Inventory.feature
Karate version: 1.4.0
======================================================
elapsed:   4.00 | threads:    5 | thread time: 0.47 
features:     2 | skipped:    0 | efficiency: 0.02
scenarios:    2 | passed:     2 | failed: 0
======================================================

HTML report: (paste into browser to view) | Karate version: 1.4.0
file:///Users/sp/Documents/suresh/Automation-SampleProjects/ApiAutomation-KarateDSL/target/karate-reports/karate-summary.html
===================================================================

]]></system-out>
  </testcase>
</testsuite>